/work/albertl_uri_edu/.conda/envs/sm/lib/python3.9/site-packages/xarray/backends/cfgrib_.py:27: UserWarning: Failed to load cfgrib - most likely there is a problem accessing the ecCodes library. Try `import cfgrib` to get the full error message
  warnings.warn(
/work/albertl_uri_edu/.conda/envs/sm/lib/python3.9/site-packages/xarray/backends/plugins.py:61: RuntimeWarning: Engine 'cfgrib' loading failed:
Cannot find the ecCodes library
  warnings.warn(f"Engine {name!r} loading failed:\n{ex}", RuntimeWarning)
ERROR 1: PROJ: proj_create_from_database: /work/albertl_uri_edu/.conda/envs/sm/share/proj/proj.db lacks DATABASE.LAYOUT.VERSION.MAJOR / DATABASE.LAYOUT.VERSION.MINOR metadata. It comes from another PROJ installation.
ERROR 1: PROJ: proj_identify: /work/albertl_uri_edu/.conda/envs/sm/share/proj/proj.db lacks DATABASE.LAYOUT.VERSION.MAJOR / DATABASE.LAYOUT.VERSION.MINOR metadata. It comes from another PROJ installation.
ERROR 1: PROJ: proj_identify: /work/albertl_uri_edu/.conda/envs/sm/share/proj/proj.db lacks DATABASE.LAYOUT.VERSION.MAJOR / DATABASE.LAYOUT.VERSION.MINOR metadata. It comes from another PROJ installation.
ERROR 1: PROJ: proj_create_from_database: /work/albertl_uri_edu/.conda/envs/sm/share/proj/proj.db lacks DATABASE.LAYOUT.VERSION.MAJOR / DATABASE.LAYOUT.VERSION.MINOR metadata. It comes from another PROJ installation.
ERROR 1: PROJ: proj_identify: /work/albertl_uri_edu/.conda/envs/sm/share/proj/proj.db lacks DATABASE.LAYOUT.VERSION.MAJOR / DATABASE.LAYOUT.VERSION.MINOR metadata. It comes from another PROJ installation.
ERROR 1: PROJ: proj_identify: /work/albertl_uri_edu/.conda/envs/sm/share/proj/proj.db lacks DATABASE.LAYOUT.VERSION.MAJOR / DATABASE.LAYOUT.VERSION.MINOR metadata. It comes from another PROJ installation.
ERROR 1: PROJ: proj_create_from_database: /work/albertl_uri_edu/.conda/envs/sm/share/proj/proj.db lacks DATABASE.LAYOUT.VERSION.MAJOR / DATABASE.LAYOUT.VERSION.MINOR metadata. It comes from another PROJ installation.
ERROR 1: PROJ: proj_identify: /work/albertl_uri_edu/.conda/envs/sm/share/proj/proj.db lacks DATABASE.LAYOUT.VERSION.MAJOR / DATABASE.LAYOUT.VERSION.MINOR metadata. It comes from another PROJ installation.
ERROR 1: PROJ: proj_identify: /work/albertl_uri_edu/.conda/envs/sm/share/proj/proj.db lacks DATABASE.LAYOUT.VERSION.MAJOR / DATABASE.LAYOUT.VERSION.MINOR metadata. It comes from another PROJ installation.
ERROR 1: PROJ: proj_create_from_database: /work/albertl_uri_edu/.conda/envs/sm/share/proj/proj.db lacks DATABASE.LAYOUT.VERSION.MAJOR / DATABASE.LAYOUT.VERSION.MINOR metadata. It comes from another PROJ installation.
ERROR 1: PROJ: proj_identify: /work/albertl_uri_edu/.conda/envs/sm/share/proj/proj.db lacks DATABASE.LAYOUT.VERSION.MAJOR / DATABASE.LAYOUT.VERSION.MINOR metadata. It comes from another PROJ installation.
ERROR 1: PROJ: proj_identify: /work/albertl_uri_edu/.conda/envs/sm/share/proj/proj.db lacks DATABASE.LAYOUT.VERSION.MAJOR / DATABASE.LAYOUT.VERSION.MINOR metadata. It comes from another PROJ installation.
ERROR 1: PROJ: proj_create_from_database: /work/albertl_uri_edu/.conda/envs/sm/share/proj/proj.db lacks DATABASE.LAYOUT.VERSION.MAJOR / DATABASE.LAYOUT.VERSION.MINOR metadata. It comes from another PROJ installation.
ERROR 1: PROJ: proj_identify: /work/albertl_uri_edu/.conda/envs/sm/share/proj/proj.db lacks DATABASE.LAYOUT.VERSION.MAJOR / DATABASE.LAYOUT.VERSION.MINOR metadata. It comes from another PROJ installation.
ERROR 1: PROJ: proj_identify: /work/albertl_uri_edu/.conda/envs/sm/share/proj/proj.db lacks DATABASE.LAYOUT.VERSION.MAJOR / DATABASE.LAYOUT.VERSION.MINOR metadata. It comes from another PROJ installation.
ERROR 1: PROJ: proj_create_from_database: /work/albertl_uri_edu/.conda/envs/sm/share/proj/proj.db lacks DATABASE.LAYOUT.VERSION.MAJOR / DATABASE.LAYOUT.VERSION.MINOR metadata. It comes from another PROJ installation.
slurmstepd-ials-gpu029: error: *** JOB 3070873 ON ials-gpu029 CANCELLED AT 2022-07-07T16:38:30 ***
ERROR 1: PROJ: proj_identify: /work/albertl_uri_edu/.conda/envs/sm/share/proj/proj.db lacks DATABASE.LAYOUT.VERSION.MAJOR / DATABASE.LAYOUT.VERSION.MINOR metadata. It comes from another PROJ installation.
ERROR 1: PROJ: proj_identify: /work/albertl_uri_edu/.conda/envs/sm/share/proj/proj.db lacks DATABASE.LAYOUT.VERSION.MAJOR / DATABASE.LAYOUT.VERSION.MINOR metadata. It comes from another PROJ installation.
